<?xml version="1.0" encoding="UTF-8"?>
<!-- Generated by org.testng.reporters.JUnitReportReporter -->
<testsuite hostname="ANDREW-PC" name="com.learntestng.AppTest" tests="1" failures="0" timestamp="19 Aug 2015 15:55:14 GMT" time="0.055" errors="0">
  <testcase name="sendMail" time="0.055" classname="com.learntestng.AppTest"/>
</testsuite>
