<?xml version="1.0" encoding="UTF-8"?>
<!-- Generated by org.testng.reporters.JUnitReportReporter -->
<testsuite hostname="ANDREW-PC" name="com.learntestng.SampleTest" tests="1" failures="0" timestamp="19 Aug 2015 16:59:35 GMT" time="0.000" errors="0">
  <testcase name="sampleTest" time="0.000" classname="com.learntestng.SampleTest"/>
</testsuite>
